<?xml version="1.0" encoding="UTF-8"?>
<!-- Generated by org.testng.reporters.JUnitReportReporter -->
<testsuite name="core.SignUpPageTest" tests="5" time="22.935" ignored="0" failures="0" timestamp="10 Feb 2017 07:49:42 GMT" skipped="0" hostname="DmitryFRAMEWORK" errors="0">
  <testcase name="test_02_verify_content_current_city" time="4.393" classname="core.SignUpPageTest"/>
  <testcase name="test_05_verify_content_os" time="4.380" classname="core.SignUpPageTest"/>
  <testcase name="test_04_verify_content_date" time="4.381" classname="core.SignUpPageTest"/>
  <testcase name="test_01_verify_content_quotes" time="5.397" classname="core.SignUpPageTest"/>
  <testcase name="test_03_verify_content_current_weather" time="4.384" classname="core.SignUpPageTest"/>
</testsuite> <!-- core.SignUpPageTest -->
