<?xml version="1.0" encoding="UTF-8"?>
<!-- Generated by org.testng.reporters.JUnitReportReporter -->
<testsuite name="core.SignUpPageTest" tests="13" time="75.406" ignored="0" failures="0" timestamp="11 Feb 2017 01:39:22 GMT" skipped="0" hostname="DmitryFRAMEWORK" errors="0">
  <testcase name="test_03_verify_content_current_weather" time="4.362" classname="core.SignUpPageTest"/>
  <testcase name="test_02_verify_content_current_city" time="4.502" classname="core.SignUpPageTest"/>
  <testcase name="test_13_verify_error_handling_face_last_name" time="4.538" classname="core.SignUpPageTest"/>
  <testcase name="test_10_verify_link_youtube" time="8.548" classname="core.SignUpPageTest"/>
  <testcase name="test_09_verify_link_flick" time="8.471" classname="core.SignUpPageTest"/>
  <testcase name="test_08_verify_link_twitter" time="8.392" classname="core.SignUpPageTest"/>
  <testcase name="test_05_verify_content_os" time="4.511" classname="core.SignUpPageTest"/>
  <testcase name="test_12_verify_error_handling_face_first_name" time="4.504" classname="core.SignUpPageTest"/>
  <testcase name="test_04_verify_content_date" time="4.512" classname="core.SignUpPageTest"/>
  <testcase name="test_07_verify_link_facebook" time="9.168" classname="core.SignUpPageTest"/>
  <testcase name="test_01_verify_content_quotes" time="4.710" classname="core.SignUpPageTest"/>
  <testcase name="test_15_verify_error_handling_phone_number" time="4.613" classname="core.SignUpPageTest"/>
  <testcase name="test_14_verify_error_handling_email" time="4.575" classname="core.SignUpPageTest"/>
</testsuite> <!-- core.SignUpPageTest -->
