<?xml version="1.0" encoding="UTF-8"?>
<!-- Generated by org.testng.reporters.JUnitReportReporter -->
<testsuite name="core.SignUpTest" tests="15" time="96.948" ignored="0" failures="0" timestamp="11 Feb 2017 08:31:26 GMT" skipped="0" hostname="DmitryFRAMEWORK" errors="0">
  <testcase name="test_16_verify_confirmation_page" time="6.710" classname="core.SignUpTest"/>
  <testcase name="test_13_verify_error_handling_face_last_name" time="5.083" classname="core.SignUpTest"/>
  <testcase name="test_03_verify_content_current_weather" time="4.599" classname="core.SignUpTest"/>
  <testcase name="test_02_verify_content_current_city" time="4.602" classname="core.SignUpTest"/>
  <testcase name="test_11_verify_submit_form" time="6.707" classname="core.SignUpTest"/>
  <testcase name="test_10_verify_link_youtube" time="8.808" classname="core.SignUpTest"/>
  <testcase name="test_12_verify_error_handling_face_first_name" time="4.557" classname="core.SignUpTest"/>
  <testcase name="test_09_verify_link_flick" time="8.631" classname="core.SignUpTest"/>
  <testcase name="test_08_verify_link_twitter" time="9.161" classname="core.SignUpTest"/>
  <testcase name="test_05_verify_content_os" time="4.954" classname="core.SignUpTest"/>
  <testcase name="test_04_verify_content_date" time="4.503" classname="core.SignUpTest"/>
  <testcase name="test_14_verify_error_handling_email" time="10.187" classname="core.SignUpTest"/>
  <testcase name="test_15_verify_error_handling_phone_number" time="4.853" classname="core.SignUpTest"/>
  <testcase name="test_07_verify_link_facebook" time="8.864" classname="core.SignUpTest"/>
  <testcase name="test_01_verify_content_quotes" time="4.729" classname="core.SignUpTest"/>
</testsuite> <!-- core.SignUpTest -->
