<?xml version="1.0" encoding="UTF-8"?>
<!-- Generated by org.testng.reporters.JUnitReportReporter -->
<testsuite name="core.SignUpPageTest" tests="3" time="14.214" ignored="0" failures="0" timestamp="10 Feb 2017 07:25:47 GMT" skipped="0" hostname="DmitryFRAMEWORK" errors="0">
  <testcase name="test_02_verify_content_current_city" time="4.409" classname="core.SignUpPageTest"/>
  <testcase name="test_01_verify_content_quotes" time="5.456" classname="core.SignUpPageTest"/>
  <testcase name="test_03_verify_content_current_weather" time="4.349" classname="core.SignUpPageTest"/>
</testsuite> <!-- core.SignUpPageTest -->
