<?xml version="1.0" encoding="UTF-8"?>
<!-- Generated by org.testng.reporters.JUnitReportReporter -->
<testsuite name="core.SignUpPageTest" tests="1" time="5.296" ignored="0" failures="0" timestamp="10 Feb 2017 07:44:29 GMT" skipped="0" hostname="DmitryFRAMEWORK" errors="0">
  <testcase name="test_05_verify_content_os" time="5.296" classname="core.SignUpPageTest"/>
</testsuite> <!-- core.SignUpPageTest -->
