<?xml version="1.0" encoding="UTF-8"?>
<!-- Generated by org.testng.reporters.JUnitReportReporter -->
<testsuite name="core.SignUpPageTest" tests="1" time="10.412" ignored="0" failures="0" timestamp="10 Feb 2017 08:46:06 GMT" skipped="0" hostname="DmitryFRAMEWORK" errors="0">
  <testcase name="test_10_verify_link_youtube" time="10.412" classname="core.SignUpPageTest"/>
</testsuite> <!-- core.SignUpPageTest -->
